app/build/intermediates/manifest_merge_blame_file/debug/manifest-merger-blame-debug-report.txt
1<?xml version="1.0" encoding="utf-8"?>
2<manifest xmlns:android="http://schemas.android.com/apk/res/android"
3    package="com.example.musicplaylist"
4    android:versionCode="1"
5    android:versionName="1.0" >
6
7    <uses-sdk
8        android:minSdkVersion="21"
8-->src\main\AndroidManifest.xml
9        android:targetSdkVersion="29" />
9-->src\main\AndroidManifest.xml
10
11    <uses-permission android:name="android.permission.INTERNET" />
11-->src\main\AndroidManifest.xml:4:5-67
11-->src\main\AndroidManifest.xml:4:22-64
12    <uses-permission android:name="android.permission.WRITE_EXTERNAL_STORAGE" />
13    <uses-permission android:name="android.permission.READ_PHONE_STATE" />
14    <uses-permission android:name="android.permission.READ_EXTERNAL_STORAGE" />
15
16    <application
16-->src\main\AndroidManifest.xml:6:5-49:19
17        android:allowBackup="true"
17-->src\main\AndroidManifest.xml:7:9-35
18        android:appComponentFactory="androidx.core.app.CoreComponentFactory"
18-->[androidx.core:core:1.3.0] AndroidManifest.xml:24:18-86
19        android:debuggable="true"
20        android:icon="@mipmap/ic_launcher"
20-->src\main\AndroidManifest.xml:8:9-43
21        android:label="@string/app_name"
21-->src\main\AndroidManifest.xml:9:9-41
22        android:roundIcon="@mipmap/ic_launcher_round"
22-->src\main\AndroidManifest.xml:10:9-54
23        android:supportsRtl="true"
23-->src\main\AndroidManifest.xml:11:9-35
24        android:testOnly="true"
25        android:theme="@style/AppTheme"
25-->src\main\AndroidManifest.xml:12:9-40
26        android:usesCleartextTraffic="true" >
26-->src\main\AndroidManifest.xml:13:9-44
27        <activity
27-->src\main\AndroidManifest.xml:14:9-20:20
28            android:name="com.example.musicplaylist.SplashScreenSecActivity"
28-->src\main\AndroidManifest.xml:15:13-52
29            android:exported="false" >
29-->src\main\AndroidManifest.xml:16:13-37
30            <meta-data
30-->src\main\AndroidManifest.xml:17:13-19:36
31                android:name="android.app.lib_name"
31-->src\main\AndroidManifest.xml:18:17-52
32                android:value="" />
32-->src\main\AndroidManifest.xml:19:17-33
33        </activity>
34        <activity
34-->src\main\AndroidManifest.xml:21:9-33:20
35            android:name="com.example.musicplaylist.activities.SplashScreenActivity"
35-->src\main\AndroidManifest.xml:22:13-60
36            android:exported="true" >
36-->src\main\AndroidManifest.xml:23:13-36
37            <intent-filter>
37-->src\main\AndroidManifest.xml:24:13-28:29
38                <action android:name="android.intent.action.MAIN" />
38-->src\main\AndroidManifest.xml:25:17-69
38-->src\main\AndroidManifest.xml:25:25-66
39
40                <category android:name="android.intent.category.LAUNCHER" />
40-->src\main\AndroidManifest.xml:27:17-77
40-->src\main\AndroidManifest.xml:27:27-74
41            </intent-filter>
42
43            <meta-data
43-->src\main\AndroidManifest.xml:17:13-19:36
44                android:name="android.app.lib_name"
44-->src\main\AndroidManifest.xml:18:17-52
45                android:value="" />
45-->src\main\AndroidManifest.xml:19:17-33
46        </activity>
47        <activity
47-->src\main\AndroidManifest.xml:34:9-40:20
48            android:name="com.example.musicplaylist.activities.HomeActivity"
48-->src\main\AndroidManifest.xml:35:13-52
49            android:exported="false" >
49-->src\main\AndroidManifest.xml:36:13-37
50            <meta-data
50-->src\main\AndroidManifest.xml:17:13-19:36
51                android:name="android.app.lib_name"
51-->src\main\AndroidManifest.xml:18:17-52
52                android:value="" />
52-->src\main\AndroidManifest.xml:19:17-33
53        </activity>
54        <activity android:name="com.example.musicplaylist.activities.DetailLaguActivity" />
54-->src\main\AndroidManifest.xml:41:9-67
54-->src\main\AndroidManifest.xml:41:19-64
55        <activity
55-->src\main\AndroidManifest.xml:42:9-44:49
56            android:name="com.example.musicplaylist.activities.ListLaguActivity"
56-->src\main\AndroidManifest.xml:43:13-56
57            android:exported="false" />
57-->src\main\AndroidManifest.xml:44:13-37
58
59        <meta-data
59-->src\main\AndroidManifest.xml:46:9-48:57
60            android:name="preloaded_fonts"
60-->src\main\AndroidManifest.xml:47:13-43
61            android:resource="@array/preloaded_fonts" />
61-->src\main\AndroidManifest.xml:48:13-54
62    </application>
63
64</manifest>